<?xml version="1.0" encoding="UTF-8"?>
<!-- Generated by org.testng.reporters.JUnitXMLReporter -->
<testsuite ignored="0" hostname="STGIDT-NEW-154" failures="0" tests="20" name="insuranceAppTest" time="73.168" errors="0" timestamp="2022-02-02T11:20:01 IST">
  <testcase classname="insurancedemoapp.tests.MotorCycleInsuranceTest" name="@AfterTest teardown" time="0.018">
    <failure type="org.openqa.selenium.NoSuchSessionException" message="invalid session id
Build info: version: &amp;apos;4.1.1&amp;apos;, revision: &amp;apos;e8fcc2cecf&amp;apos;
System info: host: &amp;apos;STGIDT-NEW-154&amp;apos;, ip: &amp;apos;172.16.2.21&amp;apos;, os.name: &amp;apos;Windows 10&amp;apos;, os.arch: &amp;apos;amd64&amp;apos;, os.version: &amp;apos;10.0&amp;apos;, java.version: &amp;apos;17.0.1&amp;apos;
Driver info: org.openqa.selenium.chrome.ChromeDriver
Command: [1c566881bd98a7712ecaebc35c9ba0f6, close {}]
Capabilities {acceptInsecureCerts: false, browserName: chrome, browserVersion: 98.0.4758.82, chrome: {chromedriverVersion: 98.0.4758.48 (d869ab3eda606..., userDataDir: C:\Users\gantad\AppData\Loc...}, goog:chromeOptions: {debuggerAddress: localhost:57616}, javascriptEnabled: true, networkConnectionEnabled: false, pageLoadStrategy: normal, platform: WINDOWS, platformName: WINDOWS, proxy: Proxy(), se:cdp: ws://localhost:57616/devtoo..., se:cdpVersion: 98.0.4758.82, setWindowRect: true, strictFileInteractability: false, timeouts: {implicit: 0, pageLoad: 300000, script: 30000}, unhandledPromptBehavior: dismiss and notify, webauthn:extension:credBlob: true, webauthn:extension:largeBlob: true, webauthn:virtualAuthenticators: true}
Session ID: 1c566881bd98a7712ecaebc35c9ba0f6">
      <![CDATA[org.openqa.selenium.NoSuchSessionException: invalid session id
Build info: version: '4.1.1', revision: 'e8fcc2cecf'
System info: host: 'STGIDT-NEW-154', ip: '172.16.2.21', os.name: 'Windows 10', os.arch: 'amd64', os.version: '10.0', java.version: '17.0.1'
Driver info: org.openqa.selenium.chrome.ChromeDriver
Command: [1c566881bd98a7712ecaebc35c9ba0f6, close {}]
Capabilities {acceptInsecureCerts: false, browserName: chrome, browserVersion: 98.0.4758.82, chrome: {chromedriverVersion: 98.0.4758.48 (d869ab3eda606..., userDataDir: C:\Users\gantad\AppData\Loc...}, goog:chromeOptions: {debuggerAddress: localhost:57616}, javascriptEnabled: true, networkConnectionEnabled: false, pageLoadStrategy: normal, platform: WINDOWS, platformName: WINDOWS, proxy: Proxy(), se:cdp: ws://localhost:57616/devtoo..., se:cdpVersion: 98.0.4758.82, setWindowRect: true, strictFileInteractability: false, timeouts: {implicit: 0, pageLoad: 300000, script: 30000}, unhandledPromptBehavior: dismiss and notify, webauthn:extension:credBlob: true, webauthn:extension:largeBlob: true, webauthn:virtualAuthenticators: true}
Session ID: 1c566881bd98a7712ecaebc35c9ba0f6
at org.openqa.selenium.remote.codec.w3c.W3CHttpResponseCodec.createException(W3CHttpResponseCodec.java:200)
at org.openqa.selenium.remote.codec.w3c.W3CHttpResponseCodec.decode(W3CHttpResponseCodec.java:133)
at org.openqa.selenium.remote.codec.w3c.W3CHttpResponseCodec.decode(W3CHttpResponseCodec.java:53)
at org.openqa.selenium.remote.HttpCommandExecutor.execute(HttpCommandExecutor.java:184)
at org.openqa.selenium.remote.service.DriverCommandExecutor.invokeExecute(DriverCommandExecutor.java:167)
at org.openqa.selenium.remote.service.DriverCommandExecutor.execute(DriverCommandExecutor.java:142)
at org.openqa.selenium.remote.RemoteWebDriver.execute(RemoteWebDriver.java:543)
at org.openqa.selenium.remote.RemoteWebDriver.execute(RemoteWebDriver.java:598)
at org.openqa.selenium.remote.RemoteWebDriver.execute(RemoteWebDriver.java:602)
at org.openqa.selenium.remote.RemoteWebDriver.close(RemoteWebDriver.java:428)
at framework.DriverFactory.tearDown(DriverFactory.java:43)
at insurancedemoapp.tests.MotorCycleInsuranceTest.teardown(MotorCycleInsuranceTest.java:258)
... Removed 29 stack frames]]>
    </failure>
  </testcase> <!-- @AfterTest teardown -->
  <testcase classname="insurancedemoapp.tests.TruckInsuranceTest" name="@AfterTest teardown" time="-1.643781001212E9">
    <skipped/>
  </testcase> <!-- @AfterTest teardown -->
  <testcase classname="insurancedemoapp.tests.AutomobileInsuranceTest" name="automobileEnterVehicleData" time="7.285"/>
  <testcase classname="insurancedemoapp.tests.MotorCycleInsuranceTest" name="motorcycleEnterVehicleData" time="7.512"/>
  <testcase classname="insurancedemoapp.tests.CamperInsuranceTest" name="camperEnterVehicleData" time="8.632"/>
  <testcase classname="insurancedemoapp.tests.TruckInsuranceTest" name="truckEnterVehicleData" time="9.141"/>
  <testcase classname="insurancedemoapp.tests.MotorCycleInsuranceTest" name="motorcycleEnterInsuranceData" time="3.499"/>
  <testcase classname="insurancedemoapp.tests.AutomobileInsuranceTest" name="automobileEnterInsuranceData" time="3.582"/>
  <testcase classname="insurancedemoapp.tests.TruckInsuranceTest" name="truckEnterInsuranceData" time="3.3"/>
  <testcase classname="insurancedemoapp.tests.CamperInsuranceTest" name="camperEnterInsuranceData" time="4.101"/>
  <testcase classname="insurancedemoapp.tests.MotorCycleInsuranceTest" name="motorcycleEnterProductData" time="2.276"/>
  <testcase classname="insurancedemoapp.tests.AutomobileInsuranceTest" name="automobileEnterProductData" time="3.127"/>
  <testcase classname="insurancedemoapp.tests.TruckInsuranceTest" name="truckEnterProductData" time="2.388"/>
  <testcase classname="insurancedemoapp.tests.CamperInsuranceTest" name="camperEnterProductData" time="2.284"/>
  <testcase classname="insurancedemoapp.tests.MotorCycleInsuranceTest" name="motorcycleSelectPriceOption" time="1.83"/>
  <testcase classname="insurancedemoapp.tests.AutomobileInsuranceTest" name="automobileSelectPriceOption" time="1.066"/>
  <testcase classname="insurancedemoapp.tests.TruckInsuranceTest" name="truckSelectPriceOption" time="1.247"/>
  <testcase classname="insurancedemoapp.tests.CamperInsuranceTest" name="camperSelectPriceOption" time="1.287"/>
  <testcase classname="insurancedemoapp.tests.AutomobileInsuranceTest" name="automobileSendQuote" time="11.213"/>
  <testcase classname="insurancedemoapp.tests.CamperInsuranceTest" name="camperSendQuote" time="10.992"/>
  <testcase classname="insurancedemoapp.tests.MotorCycleInsuranceTest" name="motorcycleSendQuote" time="12.064"/>
  <testcase classname="insurancedemoapp.tests.TruckInsuranceTest" name="truckSendQuote" time="11.731"/>
</testsuite> <!-- insuranceAppTest -->
